<?xml version="1.0" encoding="UTF-8"?>
<testng-results ignored="0" total="1" passed="1" failed="0" skipped="0">
  <reporter-output>
  </reporter-output>
  <suite started-at="2022-10-19T14:02:02 IST" name="Default suite" finished-at="2022-10-19T14:02:17 IST" duration-ms="15266">
    <groups>
    </groups>
    <test started-at="2022-10-19T14:02:02 IST" name="Default test" finished-at="2022-10-19T14:02:17 IST" duration-ms="15266">
      <class name="com.test.UserRegisterTest">
        <test-method is-config="true" signature="beforeMethod()[pri:0, instance:com.test.UserRegisterTest@14dd7b39]" started-at="2022-10-19T14:02:02 IST" name="beforeMethod" finished-at="2022-10-19T14:02:06 IST" duration-ms="4042" status="PASS">
          <reporter-output>
          </reporter-output>
        </test-method> <!-- beforeMethod -->
        <test-method signature="UserRegistrationTest()[pri:0, instance:com.test.UserRegisterTest@14dd7b39]" started-at="2022-10-19T14:02:06 IST" name="UserRegistrationTest" finished-at="2022-10-19T14:02:17 IST" duration-ms="11164" status="PASS">
          <reporter-output>
          </reporter-output>
        </test-method> <!-- UserRegistrationTest -->
        <test-method is-config="true" signature="afterMethod()[pri:0, instance:com.test.UserRegisterTest@14dd7b39]" started-at="2022-10-19T14:02:17 IST" name="afterMethod" finished-at="2022-10-19T14:02:17 IST" duration-ms="1" status="PASS">
          <reporter-output>
          </reporter-output>
        </test-method> <!-- afterMethod -->
      </class> <!-- com.test.UserRegisterTest -->
    </test> <!-- Default test -->
  </suite> <!-- Default suite -->
</testng-results>
